#
# There is insufficient memory for the Java Runtime Environment to continue.
# Native memory allocation (malloc) failed to allocate 1219696 bytes for Chunk::new
# Possible reasons:
#   The system is out of physical RAM or swap space
#   The process is running with CompressedOops enabled, and the Java Heap may be blocking the growth of the native heap
# Possible solutions:
#   Reduce memory load on the system
#   Increase physical memory or swap space
#   Check if swap backing store is full
#   Decrease Java heap size (-Xmx/-Xms)
#   Decrease number of Java threads
#   Decrease Java thread stack sizes (-Xss)
#   Set larger code cache with -XX:ReservedCodeCacheSize=
#   JVM is running with Unscaled Compressed Oops mode in which the Java heap is
#     placed in the first 4GB address space. The Java Heap base address is the
#     maximum limit for the native heap growth. Please use -XX:HeapBaseMinAddress
#     to set the Java Heap base and to place the Java Heap above 4GB virtual address.
# This output file may be truncated or incomplete.
#
#  Out of Memory Error (allocation.cpp:389), pid=5000, tid=0x00000000000025dc
#
# JRE version: OpenJDK Runtime Environment (8.0_242-b01) (build 1.8.0_242-release-1644-b01)
# Java VM: OpenJDK 64-Bit Server VM (25.242-b01 mixed mode windows-amd64 compressed oops)
# Failed to write core dump. Minidumps are not enabled by default on client versions of Windows
#

---------------  T H R E A D  ---------------

Current thread (0x0000000017385800):  JavaThread "C2 CompilerThread0" daemon [_thread_in_native, id=9692, stack(0x00000000189e0000,0x0000000018ae0000)]

Stack: [0x00000000189e0000,0x0000000018ae0000]
[error occurred during error reporting (printing stack bounds), id 0xc0000005]

Native frames: (J=compiled Java code, j=interpreted, Vv=VM code, C=native code)


Current CompileTask:
C2: 172255 17209 %     4       com.android.tools.r8.dex.n::a @ 312 (910 bytes)


---------------  P R O C E S S  ---------------

Java Threads: ( => current thread )
  0x000000001add9800 JavaThread "ForkJoinPool-1-worker-0" daemon [_thread_blocked, id=6560, stack(0x00000000204a0000,0x00000000205a0000)]
  0x000000001addf800 JavaThread "ForkJoinPool-1-worker-3" daemon [_thread_blocked, id=11548, stack(0x000000001cd00000,0x000000001ce00000)]
  0x000000001add8000 JavaThread "ForkJoinPool-1-worker-2" daemon [_thread_blocked, id=6744, stack(0x0000000002390000,0x0000000002490000)]
  0x000000001add7000 JavaThread "ForkJoinPool-1-worker-1" daemon [_thread_blocked, id=7584, stack(0x0000000000a10000,0x0000000000b10000)]
  0x000000001adde000 JavaThread "WorkerExecutor Queue" [_thread_in_vm, id=3564, stack(0x00000000007f0000,0x00000000008f0000)]
  0x000000001adde800 JavaThread "Cache worker for execution history cache (C:\Users\user\AndroidStudioProjects\kotlinhomework2\.gradle\6.5\executionHistory)" [_thread_blocked, id=14040, stack(0x000000002b0d0000,0x000000002b1d0000)]
  0x000000001ade4000 JavaThread "Execution worker for ':' Thread 3" [_thread_blocked, id=8312, stack(0x000000002afd0000,0x000000002b0d0000)]
  0x000000001add6800 JavaThread "Execution worker for ':' Thread 2" [_thread_blocked, id=10456, stack(0x000000002aed0000,0x000000002afd0000)]
  0x000000001addd000 JavaThread "Execution worker for ':'" [_thread_blocked, id=2144, stack(0x000000002add0000,0x000000002aed0000)]
  0x000000001addc800 JavaThread "Cache worker for file content cache (C:\Users\user\AndroidStudioProjects\kotlinhomework2\.gradle\6.5\fileContent)" [_thread_blocked, id=15148, stack(0x000000002a7a0000,0x000000002a8a0000)]
  0x000000001addb800 JavaThread "Memory manager" [_thread_blocked, id=528, stack(0x000000002a8d0000,0x000000002a9d0000)]
  0x000000001add8800 JavaThread "Cache worker for Build Output Cleanup Cache (C:\Users\user\AndroidStudioProjects\kotlinhomework2\.gradle\buildOutputCleanup)" [_thread_blocked, id=12056, stack(0x00000000283a0000,0x00000000284a0000)]
  0x000000001e1b8000 JavaThread "Build operations Thread 4" [_thread_blocked, id=3764, stack(0x0000000020fa0000,0x00000000210a0000)]
  0x000000001e1b7000 JavaThread "Build operations Thread 3" [_thread_blocked, id=4144, stack(0x0000000020ea0000,0x0000000020fa0000)]
  0x000000001e1b8800 JavaThread "Build operations Thread 2" [_thread_blocked, id=7552, stack(0x0000000020da0000,0x0000000020ea0000)]
  0x000000001e1bb800 JavaThread "Build operations" [_thread_blocked, id=5092, stack(0x0000000020ca0000,0x0000000020da0000)]
  0x000000001ae01800 JavaThread "Cache worker for file content cache (C:\Users\user\.gradle\caches\6.5\fileContent)" [_thread_blocked, id=15116, stack(0x00000000205a0000,0x00000000206a0000)]
  0x000000001ae04800 JavaThread "Cache worker for execution history cache (C:\Users\user\.gradle\caches\6.5\executionHistory)" [_thread_blocked, id=8744, stack(0x000000001fda0000,0x000000001fea0000)]
  0x000000001ae03000 JavaThread "Cache worker for cache directory md-rule (C:\Users\user\.gradle\caches\6.5\md-rule)" [_thread_blocked, id=7924, stack(0x000000001fca0000,0x000000001fda0000)]
  0x000000001ae05800 JavaThread "Cache worker for cache directory md-supplier (C:\Users\user\.gradle\caches\6.5\md-supplier)" [_thread_blocked, id=1876, stack(0x000000001fba0000,0x000000001fca0000)]
  0x000000001ae08000 JavaThread "Cache worker for checksums cache (C:\Users\user\AndroidStudioProjects\kotlinhomework2\.gradle\checksums)" [_thread_blocked, id=5580, stack(0x000000001faa0000,0x000000001fba0000)]
  0x000000001ae04000 JavaThread "Cache worker for file hash cache (C:\Users\user\AndroidStudioProjects\kotlinhomework2\.gradle\6.5\fileHashes)" [_thread_blocked, id=8228, stack(0x000000001f7a0000,0x000000001f8a0000)]
  0x000000001ae02800 JavaThread "Cache worker for file hash cache (C:\Users\user\.gradle\caches\6.5\fileHashes)" [_thread_blocked, id=208, stack(0x000000001d300000,0x000000001d400000)]
  0x000000001ae07000 JavaThread "File lock request listener" [_thread_in_native, id=15308, stack(0x000000001d200000,0x000000001d300000)]
  0x000000001ae9b000 JavaThread "Cache worker for journal cache (C:\Users\user\.gradle\caches\journal-1)" [_thread_blocked, id=4592, stack(0x000000001d100000,0x000000001d200000)]
  0x000000001ad28800 JavaThread "Thread-9" [_thread_blocked, id=11868, stack(0x000000001ce00000,0x000000001cf00000)]
  0x000000001acb5000 JavaThread "Asynchronous log dispatcher for DefaultDaemonConnection: socket connection from /127.0.0.1:57053 to /127.0.0.1:57054" [_thread_blocked, id=10792, stack(0x000000001cc00000,0x000000001cd00000)]
  0x000000001acc4800 JavaThread "Daemon worker" [_thread_blocked, id=8736, stack(0x000000001cb00000,0x000000001cc00000)]
  0x000000001ac97000 JavaThread "Cancel handler" [_thread_blocked, id=13772, stack(0x000000001ca00000,0x000000001cb00000)]
  0x000000001ac72800 JavaThread "Handler for socket connection from /127.0.0.1:57053 to /127.0.0.1:57054" [_thread_in_native, id=2476, stack(0x000000001c900000,0x000000001ca00000)]
  0x000000001ac71800 JavaThread "Daemon" [_thread_blocked, id=696, stack(0x000000001c800000,0x000000001c900000)]
  0x000000001ac70800 JavaThread "Daemon periodic checks" [_thread_blocked, id=10668, stack(0x000000001c500000,0x000000001c600000)]
  0x000000001abe0000 JavaThread "Incoming local TCP Connector on port 57053" [_thread_in_native, id=14628, stack(0x000000001c2c0000,0x000000001c3c0000)]
  0x000000001aba4800 JavaThread "Daemon health stats" [_thread_blocked, id=1952, stack(0x000000001bc80000,0x000000001bd80000)]
  0x0000000018d60000 JavaThread "Service Thread" daemon [_thread_blocked, id=9284, stack(0x00000000190e0000,0x00000000191e0000)]
  0x000000001738c800 JavaThread "C1 CompilerThread2" daemon [_thread_blocked, id=7684, stack(0x0000000018be0000,0x0000000018ce0000)]
  0x0000000017388800 JavaThread "C2 CompilerThread1" daemon [_thread_blocked, id=2248, stack(0x0000000018ae0000,0x0000000018be0000)]
=>0x0000000017385800 JavaThread "C2 CompilerThread0" daemon [_thread_in_native, id=9692, stack(0x00000000189e0000,0x0000000018ae0000)]
  0x0000000017383000 JavaThread "Attach Listener" daemon [_thread_blocked, id=4452, stack(0x00000000188e0000,0x00000000189e0000)]
  0x00000000173d2800 JavaThread "Signal Dispatcher" daemon [_thread_blocked, id=14484, stack(0x00000000187e0000,0x00000000188e0000)]
  0x000000000275b000 JavaThread "Finalizer" daemon [_thread_blocked, id=12176, stack(0x00000000185e0000,0x00000000186e0000)]
  0x0000000017369000 JavaThread "Reference Handler" daemon [_thread_blocked, id=13096, stack(0x00000000184e0000,0x00000000185e0000)]
  0x000000000255e000 JavaThread "main" [_thread_blocked, id=1412, stack(0x0000000002560000,0x0000000002660000)]

Other Threads:
  0x0000000017346800 VMThread [stack: 0x00000000183e0000,0x00000000184e0000] [id=3336]
  0x0000000018d61000 WatcherThread [stack: 0x00000000191e0000,0x00000000192e0000] [id=8356]

VM state:not at safepoint (normal execution)

VM Mutex/Monitor currently owned by a thread: None

heap address: 0x0000000080000000, size: 2048 MB, Compressed Oops mode: 32-bit
Narrow klass base: 0x0000000000000000, Narrow klass shift: 3
Compressed class space size: 1073741824 Address: 0x0000000100000000

Heap:
 PSYoungGen      total 509952K, used 343705K [0x00000000d5580000, 0x00000000f7780000, 0x0000000100000000)
  eden space 462848K, 70% used [0x00000000d5580000,0x00000000e92eafb8,0x00000000f1980000)
  from space 47104K, 39% used [0x00000000f4880000,0x00000000f5abb510,0x00000000f7680000)
  to   space 48128K, 0% used [0x00000000f1980000,0x00000000f1980000,0x00000000f4880000)
 ParOldGen       total 159744K, used 127839K [0x0000000080000000, 0x0000000089c00000, 0x00000000d5580000)
  object space 159744K, 80% used [0x0000000080000000,0x0000000087cd7cb8,0x0000000089c00000)
 Metaspace       used 83517K, capacity 87924K, committed 88216K, reserved 1126400K
  class space    used 11279K, capacity 12083K, committed 12208K, reserved 1048576K

Card table byte_map: [0x0000000011b20000,0x0000000011f30000] byte_map_base: 0x0000000011720000

Marking Bits: (ParMarkBitMap*) 0x000000006845f030
 Begin Bits: [0x00000000125e0000, 0x00000000145e0000)
 End Bits:   [0x00000000145e0000, 0x00000000165e0000)

Polling page: 0x0000000002370000

CodeCache: size=245760Kb used=48737Kb max_used=48860Kb free=197023Kb
 bounds [0x0000000002760000, 0x00000000057d0000, 0x0000000011760000]
 total_blobs=13659 nmethods=12829 adapters=741
 compilation: enabled

Compilation events (10 events):
Event: 171.386 Thread 0x0000000017388800 17210       4       com.android.tools.r8.dex.n$$Lambda$1266/1272022318::get (4 bytes)
Event: 171.386 Thread 0x0000000017388800 nmethod 17210 0x0000000004006c90 code [0x0000000004006dc0, 0x0000000004006e38]
Event: 171.395 Thread 0x0000000017388800 17224       4       com.android.tools.r8.dex.n$d::<init> (7 bytes)
Event: 171.396 Thread 0x0000000017388800 nmethod 17224 0x000000000420cc10 code [0x000000000420cd40, 0x000000000420cdb8]
Event: 171.407 Thread 0x0000000017388800 17230       4       com.android.tools.r8.code.O0::hashCode (21 bytes)
Event: 171.408 Thread 0x0000000017388800 nmethod 17230 0x0000000004181690 code [0x00000000041817e0, 0x00000000041818a8]
Event: 171.428 Thread 0x0000000017388800 17225       4       com.android.tools.r8.code.K0::hashCode (29 bytes)
Event: 171.429 Thread 0x0000000017388800 nmethod 17225 0x00000000044a9c50 code [0x00000000044a9da0, 0x00000000044a9e68]
Event: 171.439 Thread 0x0000000017388800 17203       4       com.android.tools.r8.code.Z0::<init> (12 bytes)
Event: 171.440 Thread 0x0000000017388800 nmethod 17203 0x0000000002c207d0 code [0x0000000002c20920, 0x0000000002c209d8]

GC Heap History (10 events):
Event: 124.504 GC heap before
{Heap before GC invocations=28 (full 4):
 PSYoungGen      total 510976K, used 509890K [0x00000000d5580000, 0x00000000f7780000, 0x0000000100000000)
  eden space 462848K, 100% used [0x00000000d5580000,0x00000000f1980000,0x00000000f1980000)
  from space 48128K, 97% used [0x00000000f1980000,0x00000000f47708a8,0x00000000f4880000)
  to   space 47104K, 0% used [0x00000000f4880000,0x00000000f4880000,0x00000000f7680000)
 ParOldGen       total 159744K, used 98386K [0x0000000080000000, 0x0000000089c00000, 0x00000000d5580000)
  object space 159744K, 61% used [0x0000000080000000,0x0000000086014b78,0x0000000089c00000)
 Metaspace       used 82528K, capacity 86728K, committed 87064K, reserved 1124352K
  class space    used 11165K, capacity 11941K, committed 12080K, reserved 1048576K
Event: 126.876 GC heap after
Heap after GC invocations=28 (full 4):
 PSYoungGen      total 509952K, used 47080K [0x00000000d5580000, 0x00000000f7780000, 0x0000000100000000)
  eden space 462848K, 0% used [0x00000000d5580000,0x00000000d5580000,0x00000000f1980000)
  from space 47104K, 99% used [0x00000000f4880000,0x00000000f767a210,0x00000000f7680000)
  to   space 48128K, 0% used [0x00000000f1980000,0x00000000f1980000,0x00000000f4880000)
 ParOldGen       total 159744K, used 106188K [0x0000000080000000, 0x0000000089c00000, 0x00000000d5580000)
  object space 159744K, 66% used [0x0000000080000000,0x00000000867b3010,0x0000000089c00000)
 Metaspace       used 82528K, capacity 86728K, committed 87064K, reserved 1124352K
  class space    used 11165K, capacity 11941K, committed 12080K, reserved 1048576K
}
Event: 131.767 GC heap before
{Heap before GC invocations=29 (full 4):
 PSYoungGen      total 509952K, used 509928K [0x00000000d5580000, 0x00000000f7780000, 0x0000000100000000)
  eden space 462848K, 100% used [0x00000000d5580000,0x00000000f1980000,0x00000000f1980000)
  from space 47104K, 99% used [0x00000000f4880000,0x00000000f767a210,0x00000000f7680000)
  to   space 48128K, 0% used [0x00000000f1980000,0x00000000f1980000,0x00000000f4880000)
 ParOldGen       total 159744K, used 106188K [0x0000000080000000, 0x0000000089c00000, 0x00000000d5580000)
  object space 159744K, 66% used [0x0000000080000000,0x00000000867b3010,0x0000000089c00000)
 Metaspace       used 82569K, capacity 86728K, committed 87064K, reserved 1124352K
  class space    used 11165K, capacity 11941K, committed 12080K, reserved 1048576K
Event: 132.314 GC heap after
Heap after GC invocations=29 (full 4):
 PSYoungGen      total 510976K, used 40262K [0x00000000d5580000, 0x00000000f7780000, 0x0000000100000000)
  eden space 462848K, 0% used [0x00000000d5580000,0x00000000d5580000,0x00000000f1980000)
  from space 48128K, 83% used [0x00000000f1980000,0x00000000f40d19e0,0x00000000f4880000)
  to   space 47104K, 0% used [0x00000000f4880000,0x00000000f4880000,0x00000000f7680000)
 ParOldGen       total 159744K, used 112492K [0x0000000080000000, 0x0000000089c00000, 0x00000000d5580000)
  object space 159744K, 70% used [0x0000000080000000,0x0000000086ddb230,0x0000000089c00000)
 Metaspace       used 82569K, capacity 86728K, committed 87064K, reserved 1124352K
  class space    used 11165K, capacity 11941K, committed 12080K, reserved 1048576K
}
Event: 139.931 GC heap before
{Heap before GC invocations=30 (full 4):
 PSYoungGen      total 510976K, used 503110K [0x00000000d5580000, 0x00000000f7780000, 0x0000000100000000)
  eden space 462848K, 100% used [0x00000000d5580000,0x00000000f1980000,0x00000000f1980000)
  from space 48128K, 83% used [0x00000000f1980000,0x00000000f40d19e0,0x00000000f4880000)
  to   space 47104K, 0% used [0x00000000f4880000,0x00000000f4880000,0x00000000f7680000)
 ParOldGen       total 159744K, used 112492K [0x0000000080000000, 0x0000000089c00000, 0x00000000d5580000)
  object space 159744K, 70% used [0x0000000080000000,0x0000000086ddb230,0x0000000089c00000)
 Metaspace       used 82611K, capacity 86796K, committed 87064K, reserved 1124352K
  class space    used 11165K, capacity 11941K, committed 12080K, reserved 1048576K
Event: 140.622 GC heap after
Heap after GC invocations=30 (full 4):
 PSYoungGen      total 509952K, used 26144K [0x00000000d5580000, 0x00000000f7780000, 0x0000000100000000)
  eden space 462848K, 0% used [0x00000000d5580000,0x00000000d5580000,0x00000000f1980000)
  from space 47104K, 55% used [0x00000000f4880000,0x00000000f62083a0,0x00000000f7680000)
  to   space 48128K, 0% used [0x00000000f1980000,0x00000000f1980000,0x00000000f4880000)
 ParOldGen       total 159744K, used 118294K [0x0000000080000000, 0x0000000089c00000, 0x00000000d5580000)
  object space 159744K, 74% used [0x0000000080000000,0x0000000087385a98,0x0000000089c00000)
 Metaspace       used 82611K, capacity 86796K, committed 87064K, reserved 1124352K
  class space    used 11165K, capacity 11941K, committed 12080K, reserved 1048576K
}
Event: 146.269 GC heap before
{Heap before GC invocations=31 (full 4):
 PSYoungGen      total 509952K, used 488992K [0x00000000d5580000, 0x00000000f7780000, 0x0000000100000000)
  eden space 462848K, 100% used [0x00000000d5580000,0x00000000f1980000,0x00000000f1980000)
  from space 47104K, 55% used [0x00000000f4880000,0x00000000f62083a0,0x00000000f7680000)
  to   space 48128K, 0% used [0x00000000f1980000,0x00000000f1980000,0x00000000f4880000)
 ParOldGen       total 159744K, used 118294K [0x0000000080000000, 0x0000000089c00000, 0x00000000d5580000)
  object space 159744K, 74% used [0x0000000080000000,0x0000000087385a98,0x0000000089c00000)
 Metaspace       used 82644K, capacity 86874K, committed 87064K, reserved 1124352K
  class space    used 11165K, capacity 11942K, committed 12080K, reserved 1048576K
Event: 149.707 GC heap after
Heap after GC invocations=31 (full 4):
 PSYoungGen      total 510976K, used 35248K [0x00000000d5580000, 0x00000000f7780000, 0x0000000100000000)
  eden space 462848K, 0% used [0x00000000d5580000,0x00000000d5580000,0x00000000f1980000)
  from space 48128K, 73% used [0x00000000f1980000,0x00000000f3bec150,0x00000000f4880000)
  to   space 47104K, 0% used [0x00000000f4880000,0x00000000f4880000,0x00000000f7680000)
 ParOldGen       total 159744K, used 125095K [0x0000000080000000, 0x0000000089c00000, 0x00000000d5580000)
  object space 159744K, 78% used [0x0000000080000000,0x0000000087a29e00,0x0000000089c00000)
 Metaspace       used 82644K, capacity 86874K, committed 87064K, reserved 1124352K
  class space    used 11165K, capacity 11942K, committed 12080K, reserved 1048576K
}
Event: 157.814 GC heap before
{Heap before GC invocations=32 (full 4):
 PSYoungGen      total 510976K, used 498096K [0x00000000d5580000, 0x00000000f7780000, 0x0000000100000000)
  eden space 462848K, 100% used [0x00000000d5580000,0x00000000f1980000,0x00000000f1980000)
  from space 48128K, 73% used [0x00000000f1980000,0x00000000f3bec150,0x00000000f4880000)
  to   space 47104K, 0% used [0x00000000f4880000,0x00000000f4880000,0x00000000f7680000)
 ParOldGen       total 159744K, used 125095K [0x0000000080000000, 0x0000000089c00000, 0x00000000d5580000)
  object space 159744K, 78% used [0x0000000080000000,0x0000000087a29e00,0x0000000089c00000)
 Metaspace       used 82645K, capacity 86874K, committed 87064K, reserved 1124352K
  class space    used 11165K, capacity 11942K, committed 12080K, reserved 1048576K
Event: 159.538 GC heap after
Heap after GC invocations=32 (full 4):
 PSYoungGen      total 509952K, used 18669K [0x00000000d5580000, 0x00000000f7780000, 0x0000000100000000)
  eden space 462848K, 0% used [0x00000000d5580000,0x00000000d5580000,0x00000000f1980000)
  from space 47104K, 39% used [0x00000000f4880000,0x00000000f5abb510,0x00000000f7680000)
  to   space 48128K, 0% used [0x00000000f1980000,0x00000000f1980000,0x00000000f4880000)
 ParOldGen       total 159744K, used 127839K [0x0000000080000000, 0x0000000089c00000, 0x00000000d5580000)
  object space 159744K, 80% used [0x0000000080000000,0x0000000087cd7cb8,0x0000000089c00000)
 Metaspace       used 82645K, capacity 86874K, committed 87064K, reserved 1124352K
  class space    used 11165K, capacity 11942K, committed 12080K, reserved 1048576K
}

Deoptimization events (10 events):
Event: 166.905 Thread 0x000000001add8000 Uncommon trap: reason=unstable_if action=reinterpret pc=0x00000000039fbf74 method=java.util.Arrays.hashCode([Ljava/lang/Object;)I @ 1
Event: 166.905 Thread 0x000000001addf800 Uncommon trap: reason=unstable_if action=reinterpret pc=0x00000000039fbf74 method=java.util.Arrays.hashCode([Ljava/lang/Object;)I @ 1
Event: 166.905 Thread 0x000000001add8000 Uncommon trap: reason=unstable_if action=reinterpret pc=0x00000000030a2a3c method=java.util.Arrays.hashCode([Ljava/lang/Object;)I @ 1
Event: 166.905 Thread 0x000000001addf800 Uncommon trap: reason=unstable_if action=reinterpret pc=0x00000000030a2a3c method=java.util.Arrays.hashCode([Ljava/lang/Object;)I @ 1
Event: 167.780 Thread 0x000000001add9800 Uncommon trap: reason=unloaded action=reinterpret pc=0x00000000050b7450 method=com.android.tools.r8.code.v1.a(Ljava/nio/ShortBuffer;IILcom/android/tools/r8/graph/f1;)[Lcom/android/tools/r8/code/u1; @ 2990
Event: 167.826 Thread 0x000000001add7000 Uncommon trap: reason=unstable_if action=reinterpret pc=0x0000000003bd1788 method=java.util.concurrent.ConcurrentLinkedQueue.offer(Ljava/lang/Object;)Z @ 40
Event: 168.013 Thread 0x000000001add7000 Uncommon trap: reason=unstable_if action=reinterpret pc=0x00000000053a92bc method=com.android.tools.r8.dex.n.i()Lcom/android/tools/r8/graph/l0; @ 54
Event: 169.211 Thread 0x000000001add9800 Uncommon trap: reason=unstable_if action=reinterpret pc=0x0000000004c51590 method=com.android.tools.r8.graph.T0.f(I)Lcom/android/tools/r8/graph/T0; @ 19
Event: 169.399 Thread 0x000000001add9800 Uncommon trap: reason=unloaded action=reinterpret pc=0x00000000051c6d84 method=com.android.tools.r8.code.v1.a(Ljava/nio/ShortBuffer;IILcom/android/tools/r8/graph/f1;)[Lcom/android/tools/r8/code/u1; @ 3107
Event: 171.396 Thread 0x000000001adde000 Uncommon trap: reason=class_check action=maybe_recompile pc=0x0000000003f036a8 method=com.android.tools.r8.utils.a1.a(Lcom/android/tools/r8/utils/h0;Ljava/util/List;Ljava/util/concurrent/ExecutorService;Lcom/android/tools/r8/utils/k1;Ljava/lang/Object;)V 

Classes redefined (0 events):
No events

Internal exceptions (10 events):
Event: 161.453 Thread 0x000000001add6800 Exception <a 'sun/nio/fs/WindowsException'> (0x00000000e141cf28) thrown at [C:\src\AOSP-openjdk-git\hotspot\src\share\vm\prims\jni.cpp, line 710]
Event: 165.494 Thread 0x000000001add6800 Exception <a 'java/lang/NoSuchMethodError': <clinit>> (0x00000000e1cda670) thrown at [C:\src\AOSP-openjdk-git\hotspot\src\share\vm\prims\jni.cpp, line 1615]
Event: 165.500 Thread 0x000000001add6800 Exception <a 'java/lang/NoSuchMethodError': <clinit>> (0x00000000e1cedd28) thrown at [C:\src\AOSP-openjdk-git\hotspot\src\share\vm\prims\jni.cpp, line 1615]
Event: 165.966 Thread 0x000000001adde000 Exception <a 'sun/nio/fs/WindowsException'> (0x00000000e33622a8) thrown at [C:\src\AOSP-openjdk-git\hotspot\src\share\vm\prims\jni.cpp, line 710]
Event: 166.905 Thread 0x000000001add9800 Implicit null exception at 0x00000000039fbce7 to 0x00000000039fbf5d
Event: 166.905 Thread 0x000000001add7000 Implicit null exception at 0x00000000039fbce7 to 0x00000000039fbf5d
Event: 166.905 Thread 0x000000001addf800 Implicit null exception at 0x00000000039fbce7 to 0x00000000039fbf5d
Event: 166.905 Thread 0x000000001add8000 Implicit null exception at 0x00000000039fbce7 to 0x00000000039fbf5d
Event: 166.905 Thread 0x000000001add8000 Implicit null exception at 0x00000000030a292f to 0x00000000030a2a2d
Event: 166.905 Thread 0x000000001addf800 Implicit null exception at 0x00000000030a292f to 0x00000000030a2a2d

Events (10 events):
Event: 171.413 Thread 0x0000000017388800 flushing nmethod 0x0000000002ed5610
Event: 171.434 Thread 0x0000000017388800 flushing nmethod 0x00000000031d6250
Event: 171.434 Thread 0x0000000017388800 flushing nmethod 0x00000000031dd550
Event: 171.438 Thread 0x0000000017388800 flushing nmethod 0x000000000327fc10
Event: 171.440 Thread 0x0000000017388800 flushing nmethod 0x00000000032f2bd0
Event: 171.441 Thread 0x0000000017388800 flushing nmethod 0x0000000003317a10
Event: 171.441 Thread 0x0000000017388800 flushing nmethod 0x000000000331a090
Event: 171.443 Thread 0x0000000017388800 flushing nmethod 0x00000000033568d0
Event: 171.445 Thread 0x0000000017388800 flushing nmethod 0x00000000033afed0
Event: 171.451 Thread 0x0000000017388800 flushing nmethod 0x00000000034b71d0


Dynamic libraries:
0x00007ff7cb710000 - 0x00007ff7cb741000 	C:\Program Files\Android\Android Studio1\jre\bin\java.exe
0x00007ffa34370000 - 0x00007ffa34566000 	C:\WINDOWS\SYSTEM32\ntdll.dll
0x00007ffa33e10000 - 0x00007ffa33ecd000 	C:\WINDOWS\System32\KERNEL32.DLL
0x00007ffa31da0000 - 0x00007ffa32068000 	C:\WINDOWS\System32\KERNELBASE.dll
0x00007ffa32dd0000 - 0x00007ffa32e7a000 	C:\WINDOWS\System32\ADVAPI32.dll
0x00007ffa34140000 - 0x00007ffa341de000 	C:\WINDOWS\System32\msvcrt.dll
0x00007ffa34290000 - 0x00007ffa3432b000 	C:\WINDOWS\System32\sechost.dll
0x00007ffa33a60000 - 0x00007ffa33b84000 	C:\WINDOWS\System32\RPCRT4.dll
0x00007ffa32ee0000 - 0x00007ffa33080000 	C:\WINDOWS\System32\USER32.dll
0x00007ffa321d0000 - 0x00007ffa321f2000 	C:\WINDOWS\System32\win32u.dll
0x00007ffa32eb0000 - 0x00007ffa32eda000 	C:\WINDOWS\System32\GDI32.dll
0x00007ffa31ac0000 - 0x00007ffa31bc9000 	C:\WINDOWS\System32\gdi32full.dll
0x00007ffa31cd0000 - 0x00007ffa31d6d000 	C:\WINDOWS\System32\msvcp_win.dll
0x00007ffa31bd0000 - 0x00007ffa31cd0000 	C:\WINDOWS\System32\ucrtbase.dll
0x00007ffa23440000 - 0x00007ffa236db000 	C:\WINDOWS\WinSxS\amd64_microsoft.windows.common-controls_6595b64144ccf1df_6.0.19041.488_none_ca04af081b815d21\COMCTL32.dll
0x00007ffa32e80000 - 0x00007ffa32eb0000 	C:\WINDOWS\System32\IMM32.DLL
0x0000000067bb0000 - 0x0000000067c82000 	C:\Program Files\Android\Android Studio1\jre\jre\bin\msvcr100.dll
0x0000000067c90000 - 0x00000000684db000 	C:\Program Files\Android\Android Studio1\jre\jre\bin\server\jvm.dll
0x00007ffa34260000 - 0x00007ffa34268000 	C:\WINDOWS\System32\PSAPI.DLL
0x00007ffa30950000 - 0x00007ffa3095a000 	C:\WINDOWS\SYSTEM32\VERSION.dll
0x00007ffa1fa50000 - 0x00007ffa1fa59000 	C:\WINDOWS\SYSTEM32\WSOCK32.dll
0x00007ffa33b90000 - 0x00007ffa33bfb000 	C:\WINDOWS\System32\WS2_32.dll
0x00007ffa29120000 - 0x00007ffa29147000 	C:\WINDOWS\SYSTEM32\WINMM.dll
0x00007ffa2c2d0000 - 0x00007ffa2c2df000 	C:\Program Files\Android\Android Studio1\jre\jre\bin\verify.dll
0x00007ffa2ae00000 - 0x00007ffa2ae29000 	C:\Program Files\Android\Android Studio1\jre\jre\bin\java.dll
0x00007ffa2c120000 - 0x00007ffa2c136000 	C:\Program Files\Android\Android Studio1\jre\jre\bin\zip.dll
0x00007ffa33080000 - 0x00007ffa337c0000 	C:\WINDOWS\System32\SHELL32.dll
0x00007ffa30170000 - 0x00007ffa30904000 	C:\WINDOWS\SYSTEM32\windows.storage.dll
0x00007ffa32a70000 - 0x00007ffa32dc5000 	C:\WINDOWS\System32\combase.dll
0x00007ffa31460000 - 0x00007ffa3148c000 	C:\WINDOWS\SYSTEM32\Wldp.dll
0x00007ffa337d0000 - 0x00007ffa3387e000 	C:\WINDOWS\System32\SHCORE.dll
0x00007ffa32a10000 - 0x00007ffa32a65000 	C:\WINDOWS\System32\shlwapi.dll
0x00007ffa319f0000 - 0x00007ffa31a16000 	C:\WINDOWS\SYSTEM32\profapi.dll
0x00007ffa2b1c0000 - 0x00007ffa2b1da000 	C:\Program Files\Android\Android Studio1\jre\jre\bin\net.dll
0x00007ffa311e0000 - 0x00007ffa3124a000 	C:\WINDOWS\system32\mswsock.dll
0x00007ffa2ade0000 - 0x00007ffa2adf3000 	C:\Program Files\Android\Android Studio1\jre\jre\bin\nio.dll
0x00007ffa24d60000 - 0x00007ffa24d87000 	C:\Users\user\.gradle\native\f6784746aeab05261644944871eae4fe03e0ef1612fff0a4a95f87b438bc6780\windows-amd64\native-platform.dll
0x00007ffa2c170000 - 0x00007ffa2c17d000 	C:\Program Files\Android\Android Studio1\jre\jre\bin\management.dll
0x00007ffa313b0000 - 0x00007ffa313c8000 	C:\WINDOWS\SYSTEM32\CRYPTSP.dll
0x00007ffa30b70000 - 0x00007ffa30ba4000 	C:\WINDOWS\system32\rsaenh.dll
0x00007ffa31d70000 - 0x00007ffa31d97000 	C:\WINDOWS\System32\bcrypt.dll
0x00007ffa319b0000 - 0x00007ffa319de000 	C:\WINDOWS\SYSTEM32\USERENV.dll
0x00007ffa32360000 - 0x00007ffa323df000 	C:\WINDOWS\System32\bcryptprimitives.dll
0x00007ffa313d0000 - 0x00007ffa313dc000 	C:\WINDOWS\SYSTEM32\CRYPTBASE.dll
0x00007ffa30ed0000 - 0x00007ffa30f0b000 	C:\WINDOWS\SYSTEM32\IPHLPAPI.DLL
0x00007ffa33fb0000 - 0x00007ffa33fb9000 	C:\WINDOWS\System32\NSI.dll
0x00007ffa2a540000 - 0x00007ffa2a557000 	C:\WINDOWS\SYSTEM32\dhcpcsvc6.DLL
0x00007ffa2a580000 - 0x00007ffa2a59d000 	C:\WINDOWS\SYSTEM32\dhcpcsvc.DLL
0x00007ffa30f10000 - 0x00007ffa30fdb000 	C:\WINDOWS\SYSTEM32\DNSAPI.dll
0x00007ffa2afc0000 - 0x00007ffa2afcb000 	C:\WINDOWS\SYSTEM32\WINNSI.DLL

VM Arguments:
jvm_args: -Xmx2048m -Dfile.encoding=UTF-8 -Duser.country=US -Duser.language=en -Duser.variant 
java_command: org.gradle.launcher.daemon.bootstrap.GradleDaemon 6.5
java_class_path (initial): C:\Users\user\.gradle\wrapper\dists\gradle-6.5-bin\6nifqtx7604sqp1q6g8wikw7p\gradle-6.5\lib\gradle-launcher-6.5.jar
Launcher Type: SUN_STANDARD

Environment Variables:
PATH=C:\Program Files\Common Files\Oracle\Java\javapath;C:\WINDOWS\system32;C:\WINDOWS;C:\WINDOWS\System32\Wbem;C:\WINDOWS\System32\WindowsPowerShell\v1.0\;C:\WINDOWS\System32\OpenSSH\;C:\Program Files (x86)\IVI Foundation\VISA\WinNT\Bin\;C:\Program Files\IVI Foundation\VISA\Win64\Bin\;C:\Program Files (x86)\National Instruments\Shared\LabVIEW CLI;C:\Program Files\dotnet\;C:\Program Files\Microsoft SQL Server\130\Tools\Binn\;C:\Program Files\Microsoft SQL Server\Client SDK\ODBC\170\Tools\Binn\;C:\Users\user\AppData\Local\Microsoft\WindowsApps;C:\Users\user\.dotnet\tools;
USERNAME=user
OS=Windows_NT
PROCESSOR_IDENTIFIER=AMD64 Family 23 Model 24 Stepping 1, AuthenticAMD



---------------  S Y S T E M  ---------------

OS: Windows 10.0 , 64 bit Build 19041 (10.0.19041.546)

CPU:total 4 (initial active 4) (4 cores per cpu, 1 threads per core) family 23 model 24 stepping 1, cmov, cx8, fxsr, mmx, sse, sse2, sse3, ssse3, sse4.1, sse4.2, popcnt, avx, avx2, aes, clmul, mmxext, 3dnowpref, lzcnt, sse4a, tsc, tscinvbit, tscinv, bmi1

Memory: 4k page, physical 3619324k(207528k free), swap 14629372k(9716k free)

vm_info: OpenJDK 64-Bit Server VM (25.242-b01) for windows-amd64 JRE (1.8.0_242-release-1644-b01), built by "builder" with MS VC++ 10.0 (VS2010)

time: Sun Nov 08 13:44:33 2020
timezone: Taipei Standard Time
elapsed time: 172 seconds (0d 0h 2m 52s)

