#
# There is insufficient memory for the Java Runtime Environment to continue.
# Native memory allocation (malloc) failed to allocate 1310416 bytes for Chunk::new
# Possible reasons:
#   The system is out of physical RAM or swap space
#   The process is running with CompressedOops enabled, and the Java Heap may be blocking the growth of the native heap
# Possible solutions:
#   Reduce memory load on the system
#   Increase physical memory or swap space
#   Check if swap backing store is full
#   Decrease Java heap size (-Xmx/-Xms)
#   Decrease number of Java threads
#   Decrease Java thread stack sizes (-Xss)
#   Set larger code cache with -XX:ReservedCodeCacheSize=
#   JVM is running with Unscaled Compressed Oops mode in which the Java heap is
#     placed in the first 4GB address space. The Java Heap base address is the
#     maximum limit for the native heap growth. Please use -XX:HeapBaseMinAddress
#     to set the Java Heap base and to place the Java Heap above 4GB virtual address.
# This output file may be truncated or incomplete.
#
#  Out of Memory Error (allocation.cpp:389), pid=9296, tid=0x0000000000001a98
#
# JRE version: OpenJDK Runtime Environment (8.0_242-b01) (build 1.8.0_242-release-1644-b01)
# Java VM: OpenJDK 64-Bit Server VM (25.242-b01 mixed mode windows-amd64 compressed oops)
# Failed to write core dump. Minidumps are not enabled by default on client versions of Windows
#

---------------  T H R E A D  ---------------

Current thread (0x00000000174fa000):  JavaThread "C2 CompilerThread1" daemon [_thread_in_native, id=6808, stack(0x0000000018c70000,0x0000000018d70000)]

Stack: [0x0000000018c70000,0x0000000018d70000]
[error occurred during error reporting (printing stack bounds), id 0xc0000005]

Native frames: (J=compiled Java code, j=interpreted, Vv=VM code, C=native code)


Current CompileTask:
C2: 129972 17423 %     4       com.android.tools.r8.ir.conversion.N::a @ 153 (3065 bytes)


---------------  P R O C E S S  ---------------

Java Threads: ( => current thread )
  0x000000001a78b000 JavaThread "WorkerExecutor Queue Thread 8" [_thread_blocked, id=5556, stack(0x000000001f830000,0x000000001f930000)]
  0x000000001a78a800 JavaThread "WorkerExecutor Queue Thread 7" [_thread_blocked, id=12260, stack(0x000000001cff0000,0x000000001d0f0000)]
  0x000000001a783800 JavaThread "Cache worker for Java compile cache (C:\Users\user\AndroidStudioProjects\kotlinhomework2\.gradle\6.5\javaCompile)" [_thread_blocked, id=15280, stack(0x00000000025a0000,0x00000000026a0000)]
  0x000000001a784800 JavaThread "Cache worker for Java compile cache (C:\Users\user\.gradle\caches\6.5\javaCompile)" [_thread_blocked, id=14952, stack(0x0000000000c00000,0x0000000000d00000)]
  0x000000001a783000 JavaThread "RMI TCP Connection(idle)" daemon [_thread_blocked, id=7992, stack(0x000000002e760000,0x000000002e860000)]
  0x000000001a789800 JavaThread "RMI Reaper" [_thread_blocked, id=14128, stack(0x000000002e4f0000,0x000000002e5f0000)]
  0x000000001a789000 JavaThread "RMI TCP Accept-0" daemon [_thread_in_native, id=13844, stack(0x000000002e3f0000,0x000000002e4f0000)]
  0x000000001a786800 JavaThread "GC Daemon" daemon [_thread_blocked, id=14740, stack(0x000000002e2f0000,0x000000002e3f0000)]
  0x000000002031e000 JavaThread "RMI Scheduler(0)" daemon [_thread_blocked, id=14712, stack(0x000000002e0f0000,0x000000002e1f0000)]
  0x0000000020321000 JavaThread "WorkerExecutor Queue Thread 6" [_thread_blocked, id=2372, stack(0x000000002c9f0000,0x000000002caf0000)]
  0x0000000020326800 JavaThread "stdout" [_thread_in_native, id=13212, stack(0x000000002d9f0000,0x000000002daf0000)]
  0x0000000020325800 JavaThread "stderr" [_thread_in_native, id=10780, stack(0x000000002d8f0000,0x000000002d9f0000)]
  0x0000000020325000 JavaThread "stdout" [_thread_in_native, id=204, stack(0x000000002d7f0000,0x000000002d8f0000)]
  0x0000000020324000 JavaThread "stderr" [_thread_in_native, id=8468, stack(0x000000002d6f0000,0x000000002d7f0000)]
  0x0000000020327000 JavaThread "stdout" [_thread_in_native, id=15356, stack(0x000000002d5f0000,0x000000002d6f0000)]
  0x0000000020329800 JavaThread "stderr" [_thread_in_native, id=6200, stack(0x000000002d4f0000,0x000000002d5f0000)]
  0x000000002032a000 JavaThread "stdout" [_thread_in_native, id=9632, stack(0x000000002d3f0000,0x000000002d4f0000)]
  0x000000002031c800 JavaThread "stderr" [_thread_in_native, id=3608, stack(0x000000002d2f0000,0x000000002d3f0000)]
  0x0000000020323800 JavaThread "pool-2-thread-1" [_thread_blocked, id=1736, stack(0x000000002d1f0000,0x000000002d2f0000)]
  0x0000000020322800 JavaThread "MarlinRenderer Disposer" daemon [_thread_blocked, id=14100, stack(0x0000000000b00000,0x0000000000c00000)]
  0x000000002031b000 JavaThread "Java2D Disposer" daemon [_thread_blocked, id=12424, stack(0x000000002cef0000,0x000000002cff0000)]
  0x0000000020320800 JavaThread "WorkerExecutor Queue" [_thread_blocked, id=12484, stack(0x000000002c8f0000,0x000000002c9f0000)]
  0x000000002031f800 JavaThread "Cache worker for execution history cache (C:\Users\user\AndroidStudioProjects\kotlinhomework2\.gradle\6.5\executionHistory)" [_thread_blocked, id=9396, stack(0x000000002c3f0000,0x000000002c4f0000)]
  0x000000001e225800 JavaThread "Execution worker for ':' Thread 3" [_thread_blocked, id=11432, stack(0x000000002c2f0000,0x000000002c3f0000)]
  0x000000001e222800 JavaThread "Execution worker for ':' Thread 2" [_thread_blocked, id=11176, stack(0x000000002c1f0000,0x000000002c2f0000)]
  0x000000001e222000 JavaThread "Execution worker for ':'" [_thread_blocked, id=1016, stack(0x000000002c0f0000,0x000000002c1f0000)]
  0x000000001e221000 JavaThread "Cache worker for file content cache (C:\Users\user\AndroidStudioProjects\kotlinhomework2\.gradle\6.5\fileContent)" [_thread_blocked, id=3688, stack(0x000000002bdf0000,0x000000002bef0000)]
  0x000000001e225000 JavaThread "Memory manager" [_thread_in_Java, id=8732, stack(0x000000002ab20000,0x000000002ac20000)]
  0x000000001e226800 JavaThread "Cache worker for Build Output Cleanup Cache (C:\Users\user\AndroidStudioProjects\kotlinhomework2\.gradle\buildOutputCleanup)" [_thread_blocked, id=1564, stack(0x0000000028750000,0x0000000028850000)]
  0x0000000019f8c000 JavaThread "Build operations Thread 4" [_thread_in_Java, id=13148, stack(0x0000000021350000,0x0000000021450000)]
  0x0000000019f90000 JavaThread "Build operations Thread 3" [_thread_in_Java, id=12264, stack(0x0000000021250000,0x0000000021350000)]
  0x0000000019f8b800 JavaThread "Build operations Thread 2" [_thread_in_Java, id=8288, stack(0x0000000021150000,0x0000000021250000)]
  0x0000000019f88800 JavaThread "Build operations" [_thread_in_Java, id=12908, stack(0x000000001fe30000,0x000000001ff30000)]
  0x000000001b39b000 JavaThread "Cache worker for file content cache (C:\Users\user\.gradle\caches\6.5\fileContent)" [_thread_blocked, id=11488, stack(0x000000001f930000,0x000000001fa30000)]
  0x000000001b3a1800 JavaThread "Cache worker for execution history cache (C:\Users\user\.gradle\caches\6.5\executionHistory)" [_thread_blocked, id=14932, stack(0x000000001f130000,0x000000001f230000)]
  0x000000001b3a0000 JavaThread "Cache worker for cache directory md-rule (C:\Users\user\.gradle\caches\6.5\md-rule)" [_thread_blocked, id=14236, stack(0x000000001f030000,0x000000001f130000)]
  0x000000001b39e800 JavaThread "Cache worker for cache directory md-supplier (C:\Users\user\.gradle\caches\6.5\md-supplier)" [_thread_blocked, id=14284, stack(0x000000001ef30000,0x000000001f030000)]
  0x000000001b39e000 JavaThread "Cache worker for checksums cache (C:\Users\user\AndroidStudioProjects\kotlinhomework2\.gradle\checksums)" [_thread_blocked, id=7752, stack(0x000000001ee30000,0x000000001ef30000)]
  0x000000001b39c800 JavaThread "Cache worker for file hash cache (C:\Users\user\AndroidStudioProjects\kotlinhomework2\.gradle\6.5\fileHashes)" [_thread_blocked, id=14504, stack(0x000000001e6c0000,0x000000001e7c0000)]
  0x000000001b39b800 JavaThread "Cache worker for file hash cache (C:\Users\user\.gradle\caches\6.5\fileHashes)" [_thread_blocked, id=14324, stack(0x000000001e5c0000,0x000000001e6c0000)]
  0x000000001b39d000 JavaThread "File lock request listener" [_thread_in_native, id=6340, stack(0x000000001d4f0000,0x000000001d5f0000)]
  0x000000001b1c2800 JavaThread "Cache worker for journal cache (C:\Users\user\.gradle\caches\journal-1)" [_thread_blocked, id=14492, stack(0x000000001d3f0000,0x000000001d4f0000)]
  0x000000001b112800 JavaThread "Thread-9" [_thread_blocked, id=1476, stack(0x000000001d0f0000,0x000000001d1f0000)]
  0x000000001b117800 JavaThread "Asynchronous log dispatcher for DefaultDaemonConnection: socket connection from /127.0.0.1:56842 to /127.0.0.1:56843" [_thread_blocked, id=8476, stack(0x000000001cef0000,0x000000001cff0000)]
  0x000000001b0f0000 JavaThread "Daemon worker" [_thread_blocked, id=12124, stack(0x000000001cdf0000,0x000000001cef0000)]
  0x000000001b0ea800 JavaThread "Cancel handler" [_thread_blocked, id=8032, stack(0x000000001ccf0000,0x000000001cdf0000)]
  0x000000001b0c5000 JavaThread "Handler for socket connection from /127.0.0.1:56842 to /127.0.0.1:56843" [_thread_in_native, id=13012, stack(0x000000001cbf0000,0x000000001ccf0000)]
  0x000000001b0b1800 JavaThread "Daemon" [_thread_blocked, id=6244, stack(0x000000001caf0000,0x000000001cbf0000)]
  0x000000001b044000 JavaThread "Daemon periodic checks" [_thread_blocked, id=2020, stack(0x000000001c7f0000,0x000000001c8f0000)]
  0x000000001b042800 JavaThread "Incoming local TCP Connector on port 56842" [_thread_in_native, id=8556, stack(0x000000001c5b0000,0x000000001c6b0000)]
  0x000000001afdc800 JavaThread "Daemon health stats" [_thread_blocked, id=7352, stack(0x000000001be70000,0x000000001bf70000)]
  0x0000000018ddb800 JavaThread "Service Thread" daemon [_thread_blocked, id=6756, stack(0x0000000019270000,0x0000000019370000)]
  0x0000000018d8b000 JavaThread "C1 CompilerThread2" daemon [_thread_blocked, id=6792, stack(0x0000000019170000,0x0000000019270000)]
=>0x00000000174fa000 JavaThread "C2 CompilerThread1" daemon [_thread_in_native, id=6808, stack(0x0000000018c70000,0x0000000018d70000)]
  0x00000000174f7800 JavaThread "C2 CompilerThread0" daemon [_thread_in_native, id=4908, stack(0x0000000018b70000,0x0000000018c70000)]
  0x00000000174f6000 JavaThread "Attach Listener" daemon [_thread_blocked, id=15112, stack(0x0000000018a70000,0x0000000018b70000)]
  0x0000000017542800 JavaThread "Signal Dispatcher" daemon [_thread_blocked, id=4416, stack(0x0000000018970000,0x0000000018a70000)]
  0x000000000289b000 JavaThread "Finalizer" daemon [_thread_blocked, id=13156, stack(0x0000000018750000,0x0000000018850000)]
  0x00000000174d9000 JavaThread "Reference Handler" daemon [_thread_blocked, id=4864, stack(0x0000000018650000,0x0000000018750000)]
  0x0000000000dde000 JavaThread "main" [_thread_blocked, id=14736, stack(0x00000000026a0000,0x00000000027a0000)]

Other Threads:
  0x00000000174b6800 VMThread [stack: 0x0000000018550000,0x0000000018650000] [id=9880]
  0x0000000018ddd000 WatcherThread [stack: 0x0000000019370000,0x0000000019470000] [id=11992]

VM state:not at safepoint (normal execution)

VM Mutex/Monitor currently owned by a thread: None

heap address: 0x0000000080000000, size: 2048 MB, Compressed Oops mode: 32-bit
Narrow klass base: 0x0000000000000000, Narrow klass shift: 3
Compressed class space size: 1073741824 Address: 0x0000000100000000

Heap:
 PSYoungGen      total 509952K, used 186286K [0x00000000d5580000, 0x00000000f8800000, 0x0000000100000000)
  eden space 467456K, 30% used [0x00000000d5580000,0x00000000de1eb828,0x00000000f1e00000)
  from space 42496K, 99% used [0x00000000f5300000,0x00000000f7c7ffe8,0x00000000f7c80000)
  to   space 54272K, 0% used [0x00000000f1e00000,0x00000000f1e00000,0x00000000f5300000)
 ParOldGen       total 135168K, used 85274K [0x0000000080000000, 0x0000000088400000, 0x00000000d5580000)
  object space 135168K, 63% used [0x0000000080000000,0x0000000085346968,0x0000000088400000)
 Metaspace       used 97652K, capacity 102490K, committed 102936K, reserved 1138688K
  class space    used 13027K, capacity 13943K, committed 14128K, reserved 1048576K

Card table byte_map: [0x0000000011c60000,0x0000000012070000] byte_map_base: 0x0000000011860000

Marking Bits: (ParMarkBitMap*) 0x000000006845f030
 Begin Bits: [0x0000000012720000, 0x0000000014720000)
 End Bits:   [0x0000000014720000, 0x0000000016720000)

Polling page: 0x0000000000d90000

CodeCache: size=245760Kb used=51782Kb max_used=51802Kb free=193977Kb
 bounds [0x00000000028a0000, 0x0000000005b80000, 0x00000000118a0000]
 total_blobs=15280 nmethods=14252 adapters=939
 compilation: enabled

Compilation events (10 events):
Event: 129.395 Thread 0x0000000018d8b000 17487       2       com.android.tools.r8.s.a.p.t$$Lambda$1484/1470086478::accept (12 bytes)
Event: 129.459 Thread 0x0000000018d8b000 nmethod 17487 0x0000000005b74310 code [0x0000000005b74480, 0x0000000005b74628]
Event: 129.459 Thread 0x0000000018d8b000 17486       2       com.android.tools.r8.s.b.q1$$Lambda$1481/965598361::accept (12 bytes)
Event: 129.461 Thread 0x0000000018d8b000 nmethod 17486 0x0000000005b74710 code [0x0000000005b74880, 0x0000000005b74a28]
Event: 129.461 Thread 0x0000000018d8b000 17489       2       com.android.tools.r8.graph.V0::a (9 bytes)
Event: 129.461 Thread 0x0000000018d8b000 nmethod 17489 0x0000000005b74b50 code [0x0000000005b74cc0, 0x0000000005b74e48]
Event: 129.461 Thread 0x0000000018d8b000 17488       1       com.android.tools.r8.s.b.f::I2 (2 bytes)
Event: 129.461 Thread 0x0000000018d8b000 nmethod 17488 0x0000000005b74ed0 code [0x0000000005b75020, 0x0000000005b75130]
Event: 129.813 Thread 0x0000000018d8b000 17490       2       com.android.tools.r8.s.a.p.h::hashCode (7 bytes)
Event: 129.813 Thread 0x0000000018d8b000 nmethod 17490 0x0000000005b75190 code [0x0000000005b75300, 0x0000000005b75488]

GC Heap History (10 events):
Event: 75.488 GC heap before
{Heap before GC invocations=20 (full 3):
 PSYoungGen      total 353280K, used 352281K [0x00000000d5580000, 0x00000000eed00000, 0x0000000100000000)
  eden space 326656K, 100% used [0x00000000d5580000,0x00000000e9480000,0x00000000e9480000)
  from space 26624K, 96% used [0x00000000eb280000,0x00000000ecb86448,0x00000000ecc80000)
  to   space 30720K, 0% used [0x00000000e9480000,0x00000000e9480000,0x00000000eb280000)
 ParOldGen       total 81408K, used 30467K [0x0000000080000000, 0x0000000084f80000, 0x00000000d5580000)
  object space 81408K, 37% used [0x0000000080000000,0x0000000081dc0c20,0x0000000084f80000)
 Metaspace       used 81386K, capacity 85086K, committed 85272K, reserved 1122304K
  class space    used 10854K, capacity 11537K, committed 11568K, reserved 1048576K
Event: 76.161 GC heap after
Heap after GC invocations=20 (full 3):
 PSYoungGen      total 357376K, used 23950K [0x00000000d5580000, 0x00000000f0f00000, 0x0000000100000000)
  eden space 326656K, 0% used [0x00000000d5580000,0x00000000d5580000,0x00000000e9480000)
  from space 30720K, 77% used [0x00000000e9480000,0x00000000eabe3bc8,0x00000000eb280000)
  to   space 33280K, 0% used [0x00000000eee80000,0x00000000eee80000,0x00000000f0f00000)
 ParOldGen       total 81408K, used 30475K [0x0000000080000000, 0x0000000084f80000, 0x00000000d5580000)
  object space 81408K, 37% used [0x0000000080000000,0x0000000081dc2c20,0x0000000084f80000)
 Metaspace       used 81386K, capacity 85086K, committed 85272K, reserved 1122304K
  class space    used 10854K, capacity 11537K, committed 11568K, reserved 1048576K
}
Event: 87.826 GC heap before
{Heap before GC invocations=21 (full 3):
 PSYoungGen      total 357376K, used 350606K [0x00000000d5580000, 0x00000000f0f00000, 0x0000000100000000)
  eden space 326656K, 100% used [0x00000000d5580000,0x00000000e9480000,0x00000000e9480000)
  from space 30720K, 77% used [0x00000000e9480000,0x00000000eabe3bc8,0x00000000eb280000)
  to   space 33280K, 0% used [0x00000000eee80000,0x00000000eee80000,0x00000000f0f00000)
 ParOldGen       total 81408K, used 30475K [0x0000000080000000, 0x0000000084f80000, 0x00000000d5580000)
  object space 81408K, 37% used [0x0000000080000000,0x0000000081dc2c20,0x0000000084f80000)
 Metaspace       used 87371K, capacity 91194K, committed 91288K, reserved 1128448K
  class space    used 11652K, capacity 12371K, committed 12464K, reserved 1048576K
Event: 88.274 GC heap after
Heap after GC invocations=21 (full 3):
 PSYoungGen      total 412160K, used 33267K [0x00000000d5580000, 0x00000000f2000000, 0x0000000100000000)
  eden space 378880K, 0% used [0x00000000d5580000,0x00000000d5580000,0x00000000ec780000)
  from space 33280K, 99% used [0x00000000eee80000,0x00000000f0efcf38,0x00000000f0f00000)
  to   space 39936K, 0% used [0x00000000ec780000,0x00000000ec780000,0x00000000eee80000)
 ParOldGen       total 81408K, used 32763K [0x0000000080000000, 0x0000000084f80000, 0x00000000d5580000)
  object space 81408K, 40% used [0x0000000080000000,0x0000000081ffee98,0x0000000084f80000)
 Metaspace       used 87371K, capacity 91194K, committed 91288K, reserved 1128448K
  class space    used 11652K, capacity 12371K, committed 12464K, reserved 1048576K
}
Event: 91.331 GC heap before
{Heap before GC invocations=22 (full 3):
 PSYoungGen      total 412160K, used 98857K [0x00000000d5580000, 0x00000000f2000000, 0x0000000100000000)
  eden space 378880K, 17% used [0x00000000d5580000,0x00000000d958d708,0x00000000ec780000)
  from space 33280K, 99% used [0x00000000eee80000,0x00000000f0efcf38,0x00000000f0f00000)
  to   space 39936K, 0% used [0x00000000ec780000,0x00000000ec780000,0x00000000eee80000)
 ParOldGen       total 81408K, used 32763K [0x0000000080000000, 0x0000000084f80000, 0x00000000d5580000)
  object space 81408K, 40% used [0x0000000080000000,0x0000000081ffee98,0x0000000084f80000)
 Metaspace       used 93669K, capacity 98488K, committed 98600K, reserved 1134592K
  class space    used 12696K, capacity 13676K, committed 13744K, reserved 1048576K
Event: 91.864 GC heap after
Heap after GC invocations=22 (full 3):
 PSYoungGen      total 418816K, used 28738K [0x00000000d5580000, 0x00000000f7c80000, 0x0000000100000000)
  eden space 378880K, 0% used [0x00000000d5580000,0x00000000d5580000,0x00000000ec780000)
  from space 39936K, 71% used [0x00000000ec780000,0x00000000ee390838,0x00000000eee80000)
  to   space 42496K, 0% used [0x00000000f5300000,0x00000000f5300000,0x00000000f7c80000)
 ParOldGen       total 81408K, used 47812K [0x0000000080000000, 0x0000000084f80000, 0x00000000d5580000)
  object space 81408K, 58% used [0x0000000080000000,0x0000000082eb1150,0x0000000084f80000)
 Metaspace       used 93669K, capacity 98488K, committed 98600K, reserved 1134592K
  class space    used 12696K, capacity 13676K, committed 13744K, reserved 1048576K
}
Event: 91.864 GC heap before
{Heap before GC invocations=23 (full 4):
 PSYoungGen      total 418816K, used 28738K [0x00000000d5580000, 0x00000000f7c80000, 0x0000000100000000)
  eden space 378880K, 0% used [0x00000000d5580000,0x00000000d5580000,0x00000000ec780000)
  from space 39936K, 71% used [0x00000000ec780000,0x00000000ee390838,0x00000000eee80000)
  to   space 42496K, 0% used [0x00000000f5300000,0x00000000f5300000,0x00000000f7c80000)
 ParOldGen       total 81408K, used 47812K [0x0000000080000000, 0x0000000084f80000, 0x00000000d5580000)
  object space 81408K, 58% used [0x0000000080000000,0x0000000082eb1150,0x0000000084f80000)
 Metaspace       used 93669K, capacity 98488K, committed 98600K, reserved 1134592K
  class space    used 12696K, capacity 13676K, committed 13744K, reserved 1048576K
Event: 96.821 GC heap after
Heap after GC invocations=23 (full 4):
 PSYoungGen      total 418816K, used 0K [0x00000000d5580000, 0x00000000f7c80000, 0x0000000100000000)
  eden space 378880K, 0% used [0x00000000d5580000,0x00000000d5580000,0x00000000ec780000)
  from space 39936K, 0% used [0x00000000ec780000,0x00000000ec780000,0x00000000eee80000)
  to   space 42496K, 0% used [0x00000000f5300000,0x00000000f5300000,0x00000000f7c80000)
 ParOldGen       total 135168K, used 71422K [0x0000000080000000, 0x0000000088400000, 0x00000000d5580000)
  object space 135168K, 52% used [0x0000000080000000,0x00000000845bf958,0x0000000088400000)
 Metaspace       used 93141K, capacity 97256K, committed 98600K, reserved 1134592K
  class space    used 12508K, capacity 13340K, committed 13744K, reserved 1048576K
}
Event: 122.403 GC heap before
{Heap before GC invocations=24 (full 4):
 PSYoungGen      total 418816K, used 378880K [0x00000000d5580000, 0x00000000f7c80000, 0x0000000100000000)
  eden space 378880K, 100% used [0x00000000d5580000,0x00000000ec780000,0x00000000ec780000)
  from space 39936K, 0% used [0x00000000ec780000,0x00000000ec780000,0x00000000eee80000)
  to   space 42496K, 0% used [0x00000000f5300000,0x00000000f5300000,0x00000000f7c80000)
 ParOldGen       total 135168K, used 71422K [0x0000000080000000, 0x0000000088400000, 0x00000000d5580000)
  object space 135168K, 52% used [0x0000000080000000,0x00000000845bf958,0x0000000088400000)
 Metaspace       used 97517K, capacity 102340K, committed 102680K, reserved 1138688K
  class space    used 13013K, capacity 13942K, committed 14128K, reserved 1048576K
Event: 123.646 GC heap after
Heap after GC invocations=24 (full 4):
 PSYoungGen      total 509952K, used 42495K [0x00000000d5580000, 0x00000000f8800000, 0x0000000100000000)
  eden space 467456K, 0% used [0x00000000d5580000,0x00000000d5580000,0x00000000f1e00000)
  from space 42496K, 99% used [0x00000000f5300000,0x00000000f7c7ffe8,0x00000000f7c80000)
  to   space 54272K, 0% used [0x00000000f1e00000,0x00000000f1e00000,0x00000000f5300000)
 ParOldGen       total 135168K, used 85274K [0x0000000080000000, 0x0000000088400000, 0x00000000d5580000)
  object space 135168K, 63% used [0x0000000080000000,0x0000000085346968,0x0000000088400000)
 Metaspace       used 97517K, capacity 102340K, committed 102680K, reserved 1138688K
  class space    used 13013K, capacity 13942K, committed 14128K, reserved 1048576K
}

Deoptimization events (10 events):
Event: 120.683 Thread 0x0000000019f90000 Uncommon trap: reason=unstable_if action=reinterpret pc=0x000000000596a7b4 method=com.android.tools.r8.ir.regalloc.a.a(Lcom/android/tools/r8/ir/regalloc/a$a;Z)Lcom/android/tools/r8/ir/regalloc/a$a; @ 3876
Event: 121.316 Thread 0x0000000019f8b800 Uncommon trap: reason=unstable_if action=reinterpret pc=0x00000000059410a4 method=com.android.tools.r8.t.a.a.a.f.m0.a(I)Z @ 6
Event: 127.480 Thread 0x0000000019f8c000 Uncommon trap: reason=unstable_if action=reinterpret pc=0x00000000059208f0 method=com.android.tools.r8.ir.conversion.N.a(ILcom/android/tools/r8/s/b/t1;Lcom/android/tools/r8/s/b/o;Lcom/android/tools/r8/s/b/o$c;Lcom/android/tools/r8/s/b/U0$a;)Lcom/android/t
Event: 128.130 Thread 0x0000000019f8c000 Uncommon trap: reason=unstable_if action=reinterpret pc=0x00000000059906b0 method=com.android.tools.r8.s.a.h.e.b(Lcom/android/tools/r8/s/b/k0;)V @ 11
Event: 128.322 Thread 0x0000000019f90000 Uncommon trap: reason=unstable_if action=reinterpret pc=0x00000000042bd5bc method=com.android.tools.r8.t.a.a.a.f.X$e.contains(Ljava/lang/Object;)Z @ 124
Event: 128.324 Thread 0x0000000019f8c000 Uncommon trap: reason=class_check action=maybe_recompile pc=0x0000000004f452dc method=com.android.tools.r8.s.b.l0.h()Lcom/android/tools/r8/s/b/k0; @ 3
Event: 128.442 Thread 0x0000000019f88800 Uncommon trap: reason=unstable_if action=reinterpret pc=0x000000000587bd48 method=com.android.tools.r8.ir.conversion.o.a(Lcom/android/tools/r8/ir/conversion/N;IZ)V @ 964
Event: 128.535 Thread 0x0000000019f90000 Uncommon trap: reason=uninitialized action=reinterpret pc=0x0000000003fcbd0c method=com.android.tools.r8.graph.l0.a(Lcom/android/tools/r8/graph/j0;)Lcom/android/tools/r8/graph/l0; @ 135
Event: 128.764 Thread 0x0000000019f8b800 Uncommon trap: reason=unstable_if action=reinterpret pc=0x00000000059bc9a8 method=com.android.tools.r8.ir.regalloc.b.f()I @ 70
Event: 128.766 Thread 0x0000000019f8b800 Uncommon trap: reason=unstable_if action=reinterpret pc=0x0000000005aac39c method=com.android.tools.r8.ir.optimize.a0.a(Lcom/android/tools/r8/s/b/X;Lcom/android/tools/r8/ir/regalloc/a;)V @ 184

Classes redefined (0 events):
No events

Internal exceptions (10 events):
Event: 100.981 Thread 0x0000000020320800 Exception <a 'sun/nio/fs/WindowsException'> (0x00000000d7f11370) thrown at [C:\src\AOSP-openjdk-git\hotspot\src\share\vm\prims\jni.cpp, line 710]
Event: 101.256 Thread 0x0000000020320800 Exception <a 'sun/nio/fs/WindowsException'> (0x00000000d7f63178) thrown at [C:\src\AOSP-openjdk-git\hotspot\src\share\vm\prims\jni.cpp, line 710]
Event: 101.261 Thread 0x0000000020320800 Exception <a 'sun/nio/fs/WindowsException'> (0x00000000d8324f08) thrown at [C:\src\AOSP-openjdk-git\hotspot\src\share\vm\prims\jni.cpp, line 710]
Event: 101.270 Thread 0x0000000020320800 Exception <a 'sun/nio/fs/WindowsException'> (0x00000000d836cbb8) thrown at [C:\src\AOSP-openjdk-git\hotspot\src\share\vm\prims\jni.cpp, line 710]
Event: 102.325 Thread 0x0000000019f88800 Exception <a 'sun/nio/fs/WindowsException'> (0x00000000dbbd15d0) thrown at [C:\src\AOSP-openjdk-git\hotspot\src\share\vm\prims\jni.cpp, line 710]
Event: 102.434 Thread 0x0000000019f90000 Exception <a 'sun/nio/fs/WindowsException'> (0x00000000dc4747e0) thrown at [C:\src\AOSP-openjdk-git\hotspot\src\share\vm\prims\jni.cpp, line 710]
Event: 108.806 Thread 0x0000000019f8c000 Exception <a 'sun/nio/fs/WindowsException'> (0x00000000df963378) thrown at [C:\src\AOSP-openjdk-git\hotspot\src\share\vm\prims\jni.cpp, line 710]
Event: 108.915 Thread 0x0000000019f8b800 Exception <a 'sun/nio/fs/WindowsException'> (0x00000000dfe761f8) thrown at [C:\src\AOSP-openjdk-git\hotspot\src\share\vm\prims\jni.cpp, line 710]
Event: 118.131 Thread 0x0000000019f8c000 Implicit null exception at 0x0000000004e5c1d4 to 0x0000000004e5c465
Event: 128.442 Thread 0x0000000019f88800 Implicit null exception at 0x0000000005877995 to 0x000000000587bd2d

Events (10 events):
Event: 129.837 Thread 0x0000000018d8b000 flushing nmethod 0x0000000002a12290
Event: 129.841 Thread 0x0000000018d8b000 flushing nmethod 0x0000000002a2d6d0
Event: 129.852 Thread 0x0000000018d8b000 flushing nmethod 0x0000000002a64710
Event: 129.854 Thread 0x0000000018d8b000 flushing nmethod 0x0000000002a782d0
Event: 129.860 Thread 0x0000000018d8b000 flushing nmethod 0x0000000002a8bd10
Event: 129.861 Thread 0x0000000018d8b000 flushing nmethod 0x0000000002a93490
Event: 129.870 Thread 0x0000000018d8b000 flushing nmethod 0x0000000002abb790
Event: 129.889 Thread 0x0000000018d8b000 flushing nmethod 0x0000000002b29790
Event: 129.903 Thread 0x0000000019f8c000 DEOPT PACKING pc=0x0000000004ec9440 sp=0x000000002144a7c0
Event: 129.903 Thread 0x0000000019f8c000 DEOPT UNPACKING pc=0x00000000028e71d0 sp=0x000000002144a5f0 mode 0


Dynamic libraries:
0x00007ff7cb710000 - 0x00007ff7cb741000 	C:\Program Files\Android\Android Studio1\jre\bin\java.exe
0x00007ffa34370000 - 0x00007ffa34566000 	C:\WINDOWS\SYSTEM32\ntdll.dll
0x00007ffa33e10000 - 0x00007ffa33ecd000 	C:\WINDOWS\System32\KERNEL32.DLL
0x00007ffa31da0000 - 0x00007ffa32068000 	C:\WINDOWS\System32\KERNELBASE.dll
0x00007ffa32dd0000 - 0x00007ffa32e7a000 	C:\WINDOWS\System32\ADVAPI32.dll
0x00007ffa34140000 - 0x00007ffa341de000 	C:\WINDOWS\System32\msvcrt.dll
0x00007ffa34290000 - 0x00007ffa3432b000 	C:\WINDOWS\System32\sechost.dll
0x00007ffa33a60000 - 0x00007ffa33b84000 	C:\WINDOWS\System32\RPCRT4.dll
0x00007ffa32ee0000 - 0x00007ffa33080000 	C:\WINDOWS\System32\USER32.dll
0x00007ffa321d0000 - 0x00007ffa321f2000 	C:\WINDOWS\System32\win32u.dll
0x00007ffa32eb0000 - 0x00007ffa32eda000 	C:\WINDOWS\System32\GDI32.dll
0x00007ffa31ac0000 - 0x00007ffa31bc9000 	C:\WINDOWS\System32\gdi32full.dll
0x00007ffa31cd0000 - 0x00007ffa31d6d000 	C:\WINDOWS\System32\msvcp_win.dll
0x00007ffa31bd0000 - 0x00007ffa31cd0000 	C:\WINDOWS\System32\ucrtbase.dll
0x00007ffa23440000 - 0x00007ffa236db000 	C:\WINDOWS\WinSxS\amd64_microsoft.windows.common-controls_6595b64144ccf1df_6.0.19041.488_none_ca04af081b815d21\COMCTL32.dll
0x00007ffa32e80000 - 0x00007ffa32eb0000 	C:\WINDOWS\System32\IMM32.DLL
0x0000000067bb0000 - 0x0000000067c82000 	C:\Program Files\Android\Android Studio1\jre\jre\bin\msvcr100.dll
0x0000000067c90000 - 0x00000000684db000 	C:\Program Files\Android\Android Studio1\jre\jre\bin\server\jvm.dll
0x00007ffa34260000 - 0x00007ffa34268000 	C:\WINDOWS\System32\PSAPI.DLL
0x00007ffa1fa50000 - 0x00007ffa1fa59000 	C:\WINDOWS\SYSTEM32\WSOCK32.dll
0x00007ffa33b90000 - 0x00007ffa33bfb000 	C:\WINDOWS\System32\WS2_32.dll
0x00007ffa29120000 - 0x00007ffa29147000 	C:\WINDOWS\SYSTEM32\WINMM.dll
0x00007ffa30950000 - 0x00007ffa3095a000 	C:\WINDOWS\SYSTEM32\VERSION.dll
0x00007ffa2c2d0000 - 0x00007ffa2c2df000 	C:\Program Files\Android\Android Studio1\jre\jre\bin\verify.dll
0x00007ffa2ae00000 - 0x00007ffa2ae29000 	C:\Program Files\Android\Android Studio1\jre\jre\bin\java.dll
0x00007ffa2c120000 - 0x00007ffa2c136000 	C:\Program Files\Android\Android Studio1\jre\jre\bin\zip.dll
0x00007ffa33080000 - 0x00007ffa337c0000 	C:\WINDOWS\System32\SHELL32.dll
0x00007ffa30170000 - 0x00007ffa30904000 	C:\WINDOWS\SYSTEM32\windows.storage.dll
0x00007ffa32a70000 - 0x00007ffa32dc5000 	C:\WINDOWS\System32\combase.dll
0x00007ffa31460000 - 0x00007ffa3148c000 	C:\WINDOWS\SYSTEM32\Wldp.dll
0x00007ffa337d0000 - 0x00007ffa3387e000 	C:\WINDOWS\System32\SHCORE.dll
0x00007ffa32a10000 - 0x00007ffa32a65000 	C:\WINDOWS\System32\shlwapi.dll
0x00007ffa319f0000 - 0x00007ffa31a16000 	C:\WINDOWS\SYSTEM32\profapi.dll
0x00007ffa2b1c0000 - 0x00007ffa2b1da000 	C:\Program Files\Android\Android Studio1\jre\jre\bin\net.dll
0x00007ffa311e0000 - 0x00007ffa3124a000 	C:\WINDOWS\system32\mswsock.dll
0x00007ffa2ade0000 - 0x00007ffa2adf3000 	C:\Program Files\Android\Android Studio1\jre\jre\bin\nio.dll
0x00007ffa24d60000 - 0x00007ffa24d87000 	C:\Users\user\.gradle\native\f6784746aeab05261644944871eae4fe03e0ef1612fff0a4a95f87b438bc6780\windows-amd64\native-platform.dll
0x00007ffa2c170000 - 0x00007ffa2c17d000 	C:\Program Files\Android\Android Studio1\jre\jre\bin\management.dll
0x00007ffa313b0000 - 0x00007ffa313c8000 	C:\WINDOWS\SYSTEM32\CRYPTSP.dll
0x00007ffa30b70000 - 0x00007ffa30ba4000 	C:\WINDOWS\system32\rsaenh.dll
0x00007ffa31d70000 - 0x00007ffa31d97000 	C:\WINDOWS\System32\bcrypt.dll
0x00007ffa319b0000 - 0x00007ffa319de000 	C:\WINDOWS\SYSTEM32\USERENV.dll
0x00007ffa32360000 - 0x00007ffa323df000 	C:\WINDOWS\System32\bcryptprimitives.dll
0x00007ffa313d0000 - 0x00007ffa313dc000 	C:\WINDOWS\SYSTEM32\CRYPTBASE.dll
0x00007ffa30ed0000 - 0x00007ffa30f0b000 	C:\WINDOWS\SYSTEM32\IPHLPAPI.DLL
0x00007ffa33fb0000 - 0x00007ffa33fb9000 	C:\WINDOWS\System32\NSI.dll
0x00007ffa2a540000 - 0x00007ffa2a557000 	C:\WINDOWS\SYSTEM32\dhcpcsvc6.DLL
0x00007ffa2a580000 - 0x00007ffa2a59d000 	C:\WINDOWS\SYSTEM32\dhcpcsvc.DLL
0x00007ffa30f10000 - 0x00007ffa30fdb000 	C:\WINDOWS\SYSTEM32\DNSAPI.dll
0x00007ffa2afc0000 - 0x00007ffa2afcb000 	C:\WINDOWS\SYSTEM32\WINNSI.DLL
0x00007ffa1a280000 - 0x00007ffa1a41c000 	C:\Program Files\Android\Android Studio1\jre\jre\bin\awt.dll
0x00007ffa32940000 - 0x00007ffa32a0d000 	C:\WINDOWS\System32\OLEAUT32.dll
0x00007ffa2f7f0000 - 0x00007ffa2f81f000 	C:\WINDOWS\SYSTEM32\dwmapi.dll
0x00007ffa2dce0000 - 0x00007ffa2e2a0000 	C:\WINDOWS\SYSTEM32\d2d1.dll
0x00007ffa2f140000 - 0x00007ffa2f1d0000 	C:\WINDOWS\SYSTEM32\apphelp.dll
0x00007ffa2f3f0000 - 0x00007ffa2f48f000 	C:\WINDOWS\system32\uxtheme.dll
0x00007ffa2c300000 - 0x00007ffa2c31e000 	C:\Users\user\AppData\Local\Temp\native-platform7386542942444277922dir\native-platform.dll

VM Arguments:
jvm_args: -Xmx2048m -Dfile.encoding=UTF-8 -Duser.country=US -Duser.language=en -Duser.variant 
java_command: org.gradle.launcher.daemon.bootstrap.GradleDaemon 6.5
java_class_path (initial): C:\Users\user\.gradle\wrapper\dists\gradle-6.5-bin\6nifqtx7604sqp1q6g8wikw7p\gradle-6.5\lib\gradle-launcher-6.5.jar
Launcher Type: SUN_STANDARD

Environment Variables:
PATH=C:\Program Files\Common Files\Oracle\Java\javapath;C:\WINDOWS\system32;C:\WINDOWS;C:\WINDOWS\System32\Wbem;C:\WINDOWS\System32\WindowsPowerShell\v1.0\;C:\WINDOWS\System32\OpenSSH\;C:\Program Files (x86)\IVI Foundation\VISA\WinNT\Bin\;C:\Program Files\IVI Foundation\VISA\Win64\Bin\;C:\Program Files (x86)\National Instruments\Shared\LabVIEW CLI;C:\Program Files\dotnet\;C:\Program Files\Microsoft SQL Server\130\Tools\Binn\;C:\Program Files\Microsoft SQL Server\Client SDK\ODBC\170\Tools\Binn\;C:\Users\user\AppData\Local\Microsoft\WindowsApps;C:\Users\user\.dotnet\tools;
USERNAME=user
OS=Windows_NT
PROCESSOR_IDENTIFIER=AMD64 Family 23 Model 24 Stepping 1, AuthenticAMD



---------------  S Y S T E M  ---------------

OS: Windows 10.0 , 64 bit Build 19041 (10.0.19041.546)

CPU:total 4 (initial active 4) (4 cores per cpu, 1 threads per core) family 23 model 24 stepping 1, cmov, cx8, fxsr, mmx, sse, sse2, sse3, ssse3, sse4.1, sse4.2, popcnt, avx, avx2, aes, clmul, mmxext, 3dnowpref, lzcnt, sse4a, tsc, tscinvbit, tscinv, bmi1

Memory: 4k page, physical 3619324k(145140k free), swap 14629372k(6120k free)

vm_info: OpenJDK 64-Bit Server VM (25.242-b01) for windows-amd64 JRE (1.8.0_242-release-1644-b01), built by "builder" with MS VC++ 10.0 (VS2010)

time: Sun Nov 08 13:38:25 2020
timezone: Taipei Standard Time
elapsed time: 129 seconds (0d 0h 2m 9s)

